<?xml version="1.0" encoding="UTF-8"?>
<coverage generated="1612143924343" clover="3.2.0">
  <project timestamp="1612143924343" name="All files">
    <metrics statements="43" coveredstatements="19" conditionals="24" coveredconditionals="3" methods="5" coveredmethods="3" elements="72" coveredelements="25" complexity="0" loc="43" ncloc="43" packages="3" files="3" classes="3"/>
    <package name="versity-backend">
      <metrics statements="3" coveredstatements="3" conditionals="0" coveredconditionals="0" methods="1" coveredmethods="1"/>
      <file name="dummydata.js" path="C:\Users\HER EXECELLENCY\Desktop\All projects\projects\versity-backend\dummydata.js">
        <metrics statements="3" coveredstatements="3" conditionals="0" coveredconditionals="0" methods="1" coveredmethods="1"/>
        <line num="1" count="1" type="stmt"/>
        <line num="2" count="1" type="stmt"/>
        <line num="24" count="1" type="stmt"/>
      </file>
    </package>
    <package name="versity-backend.src.controllers">
      <metrics statements="9" coveredstatements="6" conditionals="0" coveredconditionals="0" methods="3" coveredmethods="1"/>
      <file name="userController.ts" path="C:\Users\HER EXECELLENCY\Desktop\All projects\projects\versity-backend\src\controllers\userController.ts">
        <metrics statements="9" coveredstatements="6" conditionals="0" coveredconditionals="0" methods="3" coveredmethods="1"/>
        <line num="1" count="1" type="stmt"/>
        <line num="3" count="1" type="stmt"/>
        <line num="5" count="1" type="stmt"/>
        <line num="6" count="1" type="stmt"/>
        <line num="8" count="1" type="stmt"/>
        <line num="11" count="1" type="stmt"/>
        <line num="12" count="0" type="stmt"/>
        <line num="13" count="0" type="stmt"/>
        <line num="14" count="0" type="stmt"/>
      </file>
    </package>
    <package name="versity-backend.src.utils">
      <metrics statements="31" coveredstatements="10" conditionals="24" coveredconditionals="3" methods="1" coveredmethods="1"/>
      <file name="response.ts" path="C:\Users\HER EXECELLENCY\Desktop\All projects\projects\versity-backend\src\utils\response.ts">
        <metrics statements="31" coveredstatements="10" conditionals="24" coveredconditionals="3" methods="1" coveredmethods="1"/>
        <line num="2" count="1" type="stmt"/>
        <line num="3" count="1" type="stmt"/>
        <line num="4" count="1" type="stmt"/>
        <line num="6" count="1" type="stmt"/>
        <line num="7" count="1" type="cond" truecount="1" falsecount="7"/>
        <line num="8" count="1" type="stmt"/>
        <line num="10" count="0" type="stmt"/>
        <line num="11" count="0" type="cond" truecount="0" falsecount="2"/>
        <line num="12" count="0" type="stmt"/>
        <line num="14" count="0" type="stmt"/>
        <line num="15" count="0" type="cond" truecount="0" falsecount="2"/>
        <line num="16" count="0" type="stmt"/>
        <line num="18" count="0" type="stmt"/>
        <line num="19" count="0" type="cond" truecount="0" falsecount="2"/>
        <line num="20" count="0" type="stmt"/>
        <line num="22" count="0" type="stmt"/>
        <line num="23" count="0" type="cond" truecount="0" falsecount="2"/>
        <line num="24" count="0" type="stmt"/>
        <line num="26" count="0" type="stmt"/>
        <line num="27" count="0" type="cond" truecount="0" falsecount="2"/>
        <line num="28" count="0" type="stmt"/>
        <line num="30" count="0" type="stmt"/>
        <line num="31" count="0" type="cond" truecount="0" falsecount="2"/>
        <line num="32" count="0" type="stmt"/>
        <line num="34" count="0" type="stmt"/>
        <line num="37" count="1" type="cond" truecount="1" falsecount="1"/>
        <line num="39" count="1" type="cond" truecount="1" falsecount="1"/>
        <line num="40" count="0" type="stmt"/>
        <line num="41" count="0" type="stmt"/>
        <line num="44" count="1" type="stmt"/>
        <line num="46" count="1" type="stmt"/>
      </file>
    </package>
  </project>
</coverage>
