{"C:\\Users\\HER EXECELLENCY\\Desktop\\All projects\\projects\\versity-backend\\dummydata.js": {"path":"C:\\Users\\HER EXECELLENCY\\Desktop\\All projects\\projects\\versity-backend\\dummydata.js","statementMap":{"0":{"start":{"line":1,"column":13},"end":{"line":22,"column":1}},"1":{"start":{"line":2,"column":4},"end":{"line":21,"column":5}},"2":{"start":{"line":24,"column":0},"end":{"line":24,"column":21}}},"fnMap":{"0":{"name":"(anonymous_0)","decl":{"start":{"line":1,"column":13},"end":{"line":1,"column":14}},"loc":{"start":{"line":1,"column":23},"end":{"line":22,"column":1}},"line":1}},"branchMap":{},"s":{"0":1,"1":1,"2":1},"f":{"0":1},"b":{},"inputSourceMap":null,"_coverageSchema":"1a1c01bbd47fc00a2c39e90264f33305004495a9","hash":"1d99756831a2dcaa8d5916ff1d5510f77ba0abaf"}
,"C:\\Users\\HER EXECELLENCY\\Desktop\\All projects\\projects\\versity-backend\\src\\controllers\\userController.ts": {"path":"C:\\Users\\HER EXECELLENCY\\Desktop\\All projects\\projects\\versity-backend\\src\\controllers\\userController.ts","statementMap":{"0":{"start":{"line":1,"column":13},"end":{"line":1,"column":41}},"1":{"start":{"line":3,"column":0},"end":{"line":3,"column":46}},"2":{"start":{"line":5,"column":22},"end":{"line":9,"column":1}},"3":{"start":{"line":6,"column":4},"end":{"line":6,"column":null}},"4":{"start":{"line":8,"column":4},"end":{"line":8,"column":null}},"5":{"start":{"line":5,"column":11},"end":{"line":5,"column":22}},"6":{"start":{"line":11,"column":18},"end":{"line":15,"column":1}},"7":{"start":{"line":12,"column":4},"end":{"line":12,"column":null}},"8":{"start":{"line":13,"column":17},"end":{"line":13,"column":78}},"9":{"start":{"line":13,"column":38},"end":{"line":13,"column":77}},"10":{"start":{"line":14,"column":4},"end":{"line":14,"column":null}},"11":{"start":{"line":11,"column":11},"end":{"line":11,"column":18}}},"fnMap":{"0":{"name":"(anonymous_1)","decl":{"start":{"line":5,"column":22},"end":{"line":5,"column":23}},"loc":{"start":{"line":5,"column":54},"end":{"line":9,"column":1}}},"1":{"name":"(anonymous_2)","decl":{"start":{"line":11,"column":18},"end":{"line":11,"column":19}},"loc":{"start":{"line":11,"column":50},"end":{"line":15,"column":1}}},"2":{"name":"(anonymous_3)","decl":{"start":{"line":13,"column":29},"end":{"line":13,"column":35}},"loc":{"start":{"line":13,"column":38},"end":{"line":13,"column":77}}}},"branchMap":{},"s":{"0":1,"1":1,"2":1,"3":1,"4":1,"5":1,"6":1,"7":0,"8":0,"9":0,"10":0,"11":1},"f":{"0":1,"1":0,"2":0},"b":{}}
,"C:\\Users\\HER EXECELLENCY\\Desktop\\All projects\\projects\\versity-backend\\src\\utils\\response.ts": {"path":"C:\\Users\\HER EXECELLENCY\\Desktop\\All projects\\projects\\versity-backend\\src\\utils\\response.ts","statementMap":{"0":{"start":{"line":3,"column":18},"end":{"line":3,"column":23}},"1":{"start":{"line":4,"column":21},"end":{"line":4,"column":26}},"2":{"start":{"line":6,"column":4},"end":{"line":35,"column":null}},"3":{"start":{"line":7,"column":18},"end":{"line":7,"column":22}},"4":{"start":{"line":8,"column":12},"end":{"line":8,"column":17}},"5":{"start":{"line":10,"column":12},"end":{"line":10,"column":null}},"6":{"start":{"line":11,"column":12},"end":{"line":11,"column":null}},"7":{"start":{"line":12,"column":12},"end":{"line":12,"column":17}},"8":{"start":{"line":14,"column":12},"end":{"line":14,"column":null}},"9":{"start":{"line":15,"column":12},"end":{"line":15,"column":null}},"10":{"start":{"line":16,"column":12},"end":{"line":16,"column":17}},"11":{"start":{"line":18,"column":12},"end":{"line":18,"column":null}},"12":{"start":{"line":19,"column":12},"end":{"line":19,"column":null}},"13":{"start":{"line":20,"column":12},"end":{"line":20,"column":17}},"14":{"start":{"line":22,"column":12},"end":{"line":22,"column":null}},"15":{"start":{"line":23,"column":12},"end":{"line":23,"column":null}},"16":{"start":{"line":24,"column":12},"end":{"line":24,"column":17}},"17":{"start":{"line":26,"column":12},"end":{"line":26,"column":null}},"18":{"start":{"line":27,"column":12},"end":{"line":27,"column":null}},"19":{"start":{"line":28,"column":12},"end":{"line":28,"column":17}},"20":{"start":{"line":30,"column":12},"end":{"line":30,"column":null}},"21":{"start":{"line":31,"column":12},"end":{"line":31,"column":null}},"22":{"start":{"line":32,"column":12},"end":{"line":32,"column":17}},"23":{"start":{"line":34,"column":12},"end":{"line":34,"column":17}},"24":{"start":{"line":37,"column":19},"end":{"line":37,"column":29}},"25":{"start":{"line":39,"column":4},"end":{"line":42,"column":null}},"26":{"start":{"line":40,"column":8},"end":{"line":40,"column":null}},"27":{"start":{"line":41,"column":8},"end":{"line":41,"column":null}},"28":{"start":{"line":44,"column":4},"end":{"line":44,"column":null}},"29":{"start":{"line":46,"column":4},"end":{"line":46,"column":null}},"30":{"start":{"line":2,"column":0},"end":{"line":2,"column":24}}},"fnMap":{"0":{"name":"handleResponse","decl":{"start":{"line":2,"column":24},"end":{"line":2,"column":38}},"loc":{"start":{"line":2,"column":74},"end":{"line":47,"column":1}}}},"branchMap":{"0":{"loc":{"start":{"line":7,"column":8},"end":{"line":8,"column":17}},"type":"switch","locations":[{"start":{"line":7,"column":8},"end":{"line":8,"column":17}},{"start":{"line":9,"column":8},"end":{"line":12,"column":17}},{"start":{"line":13,"column":8},"end":{"line":16,"column":17}},{"start":{"line":17,"column":8},"end":{"line":20,"column":17}},{"start":{"line":21,"column":8},"end":{"line":24,"column":17}},{"start":{"line":25,"column":8},"end":{"line":28,"column":17}},{"start":{"line":29,"column":8},"end":{"line":32,"column":17}},{"start":{"line":33,"column":8},"end":{"line":34,"column":17}}]},"1":{"loc":{"start":{"line":11,"column":25},"end":{"line":11,"column":32}},"type":"binary-expr","locations":[{"start":{"line":11,"column":25},"end":{"line":11,"column":32}},{"start":{"line":11,"column":36},"end":{"line":11,"column":49}}]},"2":{"loc":{"start":{"line":15,"column":25},"end":{"line":15,"column":32}},"type":"binary-expr","locations":[{"start":{"line":15,"column":25},"end":{"line":15,"column":32}},{"start":{"line":15,"column":36},"end":{"line":15,"column":60}}]},"3":{"loc":{"start":{"line":19,"column":25},"end":{"line":19,"column":32}},"type":"binary-expr","locations":[{"start":{"line":19,"column":25},"end":{"line":19,"column":32}},{"start":{"line":19,"column":36},"end":{"line":19,"column":72}}]},"4":{"loc":{"start":{"line":23,"column":25},"end":{"line":23,"column":32}},"type":"binary-expr","locations":[{"start":{"line":23,"column":25},"end":{"line":23,"column":32}},{"start":{"line":23,"column":36},"end":{"line":23,"column":48}}]},"5":{"loc":{"start":{"line":27,"column":25},"end":{"line":27,"column":32}},"type":"binary-expr","locations":[{"start":{"line":27,"column":25},"end":{"line":27,"column":32}},{"start":{"line":27,"column":36},"end":{"line":27,"column":60}}]},"6":{"loc":{"start":{"line":31,"column":25},"end":{"line":31,"column":32}},"type":"binary-expr","locations":[{"start":{"line":31,"column":25},"end":{"line":31,"column":32}},{"start":{"line":31,"column":36},"end":{"line":31,"column":58}}]},"7":{"loc":{"start":{"line":37,"column":19},"end":{"line":37,"column":23}},"type":"binary-expr","locations":[{"start":{"line":37,"column":19},"end":{"line":37,"column":23}},{"start":{"line":37,"column":27},"end":{"line":37,"column":29}}]},"8":{"loc":{"start":{"line":39,"column":4},"end":{"line":42,"column":null}},"type":"if","locations":[{"start":{"line":39,"column":4},"end":{"line":42,"column":null}},{"start":{"line":39,"column":4},"end":{"line":42,"column":null}}]}},"s":{"0":1,"1":1,"2":1,"3":1,"4":1,"5":0,"6":0,"7":0,"8":0,"9":0,"10":0,"11":0,"12":0,"13":0,"14":0,"15":0,"16":0,"17":0,"18":0,"19":0,"20":0,"21":0,"22":0,"23":0,"24":1,"25":1,"26":0,"27":0,"28":1,"29":1,"30":1},"f":{"0":1},"b":{"0":[1,0,0,0,0,0,0,0],"1":[0,0],"2":[0,0],"3":[0,0],"4":[0,0],"5":[0,0],"6":[0,0],"7":[1,0],"8":[0,1]}}
}
