TN:
SF:dummydata.js
FN:1,(anonymous_0)
FNF:1
FNH:1
FNDA:1,(anonymous_0)
DA:1,1
DA:2,1
DA:24,1
LF:3
LH:3
BRF:0
BRH:0
end_of_record
TN:
SF:src\controllers\userController.ts
FN:5,(anonymous_1)
FN:11,(anonymous_2)
FN:13,(anonymous_3)
FNF:3
FNH:1
FNDA:1,(anonymous_1)
FNDA:0,(anonymous_2)
FNDA:0,(anonymous_3)
DA:1,1
DA:3,1
DA:5,1
DA:6,1
DA:8,1
DA:11,1
DA:12,0
DA:13,0
DA:14,0
LF:9
LH:6
BRF:0
BRH:0
end_of_record
TN:
SF:src\utils\response.ts
FN:2,handleResponse
FNF:1
FNH:1
FNDA:1,handleResponse
DA:2,1
DA:3,1
DA:4,1
DA:6,1
DA:7,1
DA:8,1
DA:10,0
DA:11,0
DA:12,0
DA:14,0
DA:15,0
DA:16,0
DA:18,0
DA:19,0
DA:20,0
DA:22,0
DA:23,0
DA:24,0
DA:26,0
DA:27,0
DA:28,0
DA:30,0
DA:31,0
DA:32,0
DA:34,0
DA:37,1
DA:39,1
DA:40,0
DA:41,0
DA:44,1
DA:46,1
LF:31
LH:10
BRDA:7,0,0,1
BRDA:7,0,1,0
BRDA:7,0,2,0
BRDA:7,0,3,0
BRDA:7,0,4,0
BRDA:7,0,5,0
BRDA:7,0,6,0
BRDA:7,0,7,0
BRDA:11,1,0,0
BRDA:11,1,1,0
BRDA:15,2,0,0
BRDA:15,2,1,0
BRDA:19,3,0,0
BRDA:19,3,1,0
BRDA:23,4,0,0
BRDA:23,4,1,0
BRDA:27,5,0,0
BRDA:27,5,1,0
BRDA:31,6,0,0
BRDA:31,6,1,0
BRDA:37,7,0,1
BRDA:37,7,1,0
BRDA:39,8,0,0
BRDA:39,8,1,1
BRF:24
BRH:3
end_of_record
